Arguments: 
  /usr/local/bin/node /Users/alicia/.yarn/bin/yarn.js start

PATH: 
  /Users/alicia/.yarn/bin:/Users/alicia/.config/yarn/global/node_modules/.bin:/Users/alicia/arc/arcanist/bin:~/.npm-global/bin:/Users/alicia/.rbenv/shims:/Applications/Postgres.app/Contents/Versions/10/bin:/usr/local/bin:/usr/bin:/bin:/usr/sbin:/sbin

Yarn version: 
  1.5.1

Node version: 
  9.5.0

Platform: 
  darwin x64

npm manifest: 
  {
    "name": "react-complete-guide",
    "version": "0.1.0",
    "private": true,
    "dependencies": {
      "axios": "^0.16.2",
      "react": "^16.0.0",
      "react-dom": "^16.0.0",
      "react-scripts": "1.0.13"
    },
    "scripts": {
      "start": "react-scripts start",
      "build": "react-scripts build",
      "test": "react-scripts test --env=jsdom",
      "eject": "react-scripts eject"
    }
  }

yarn manifest: 
  No manifest

Lockfile: 
  No lockfile

Trace: 
  Error: Command failed.
  Exit code: 127
  Command: sh
  Arguments: -c react-scripts start
  Directory: /Users/alicia/Desktop/Udemy/http--05-finished
  Output:
  
      at ProcessTermError.MessageError (/Users/alicia/.yarn/lib/cli.js:186:110)
      at new ProcessTermError (/Users/alicia/.yarn/lib/cli.js:226:113)
      at ChildProcess.<anonymous> (/Users/alicia/.yarn/lib/cli.js:30281:17)
      at ChildProcess.emit (events.js:160:13)
      at maybeClose (internal/child_process.js:943:16)
      at Process.ChildProcess._handle.onexit (internal/child_process.js:220:5)
